Configuration file: /Users/suestring/Desktop/Lab/thezhoulab.github.io/_config.yml
[33m       Deprecation: You appear to have pagination turned on, but you haven't included the `jekyll-paginate` gem. Ensure you have `plugins: [jekyll-paginate]` in your configuration file.[0m
            Source: /Users/suestring/Desktop/Lab/thezhoulab.github.io
       Destination: /Users/suestring/Desktop/Lab/thezhoulab.github.io/_site
 Incremental build: disabled. Enable with --incremental
      Generating... 
       Jekyll Feed: Generating feed for posts
[31m  Liquid Exception: Invalid syntax for include tag: ... Valid syntax: {% include file.ext param='value' param2='value' %} in pub1.html[0m
bundler: failed to load command: jekyll (/opt/homebrew/lib/ruby/gems/3.0.0/bin/jekyll)
/opt/homebrew/lib/ruby/gems/3.0.0/gems/jekyll-4.2.1/lib/jekyll/tags/include.rb:70:in `validate_params': Invalid syntax for include tag: (ArgumentError)

...

Valid syntax:

{% include file.ext param='value' param2='value' %}

	from /opt/homebrew/lib/ruby/gems/3.0.0/gems/jekyll-4.2.1/lib/jekyll/tags/include.rb:29:in `initialize'
	from /opt/homebrew/lib/ruby/gems/3.0.0/gems/liquid-4.0.3/lib/liquid/tag.rb:9:in `new'
	from /opt/homebrew/lib/ruby/gems/3.0.0/gems/liquid-4.0.3/lib/liquid/tag.rb:9:in `parse'
	from /opt/homebrew/lib/ruby/gems/3.0.0/gems/liquid-4.0.3/lib/liquid/block_body.rb:34:in `parse'
	from /opt/homebrew/lib/ruby/gems/3.0.0/gems/liquid-4.0.3/lib/liquid/block.rb:58:in `parse_body'
	from /opt/homebrew/lib/ruby/gems/3.0.0/gems/liquid-4.0.3/lib/liquid/block.rb:12:in `parse'
	from /opt/homebrew/lib/ruby/gems/3.0.0/gems/liquid-4.0.3/lib/liquid/tag.rb:10:in `parse'
	from /opt/homebrew/lib/ruby/gems/3.0.0/gems/liquid-4.0.3/lib/liquid/block_body.rb:34:in `parse'
	from /opt/homebrew/lib/ruby/gems/3.0.0/gems/liquid-4.0.3/lib/liquid/document.rb:10:in `parse'
	from /opt/homebrew/lib/ruby/gems/3.0.0/gems/liquid-4.0.3/lib/liquid/document.rb:5:in `parse'
	from /opt/homebrew/lib/ruby/gems/3.0.0/gems/liquid-4.0.3/lib/liquid/template.rb:132:in `parse'
	from /opt/homebrew/lib/ruby/gems/3.0.0/gems/liquid-4.0.3/lib/liquid/template.rb:116:in `parse'
	from /opt/homebrew/lib/ruby/gems/3.0.0/gems/jekyll-4.2.1/lib/jekyll/liquid_renderer/file.rb:13:in `block in parse'
	from /opt/homebrew/lib/ruby/gems/3.0.0/gems/jekyll-4.2.1/lib/jekyll/liquid_renderer/file.rb:70:in `measure_time'
	from /opt/homebrew/lib/ruby/gems/3.0.0/gems/jekyll-4.2.1/lib/jekyll/liquid_renderer/file.rb:12:in `parse'
	from /opt/homebrew/lib/ruby/gems/3.0.0/gems/jekyll-4.2.1/lib/jekyll/inclusion.rb:15:in `render'
	from /opt/homebrew/lib/ruby/gems/3.0.0/gems/jekyll-4.2.1/lib/jekyll/tags/include.rb:208:in `block in render'
	from /opt/homebrew/lib/ruby/gems/3.0.0/gems/liquid-4.0.3/lib/liquid/context.rb:123:in `stack'
	from /opt/homebrew/lib/ruby/gems/3.0.0/gems/jekyll-4.2.1/lib/jekyll/tags/include.rb:206:in `render'
	from /opt/homebrew/lib/ruby/gems/3.0.0/gems/liquid-4.0.3/lib/liquid/block_body.rb:103:in `render_node_to_output'
	from /opt/homebrew/lib/ruby/gems/3.0.0/gems/liquid-4.0.3/lib/liquid/block_body.rb:91:in `render'
	from /opt/homebrew/lib/ruby/gems/3.0.0/gems/liquid-4.0.3/lib/liquid/template.rb:208:in `block in render'
	from /opt/homebrew/lib/ruby/gems/3.0.0/gems/liquid-4.0.3/lib/liquid/template.rb:242:in `with_profiling'
	from /opt/homebrew/lib/ruby/gems/3.0.0/gems/liquid-4.0.3/lib/liquid/template.rb:207:in `render'
	from /opt/homebrew/lib/ruby/gems/3.0.0/gems/liquid-4.0.3/lib/liquid/template.rb:220:in `render!'
	from /opt/homebrew/lib/ruby/gems/3.0.0/gems/jekyll-4.2.1/lib/jekyll/liquid_renderer/file.rb:39:in `block (3 levels) in render!'
	from /opt/homebrew/lib/ruby/gems/3.0.0/gems/jekyll-4.2.1/lib/jekyll/liquid_renderer/file.rb:59:in `measure_counts'
	from /opt/homebrew/lib/ruby/gems/3.0.0/gems/jekyll-4.2.1/lib/jekyll/liquid_renderer/file.rb:38:in `block (2 levels) in render!'
	from /opt/homebrew/lib/ruby/gems/3.0.0/gems/jekyll-4.2.1/lib/jekyll/liquid_renderer/file.rb:63:in `measure_bytes'
	from /opt/homebrew/lib/ruby/gems/3.0.0/gems/jekyll-4.2.1/lib/jekyll/liquid_renderer/file.rb:37:in `block in render!'
	from /opt/homebrew/lib/ruby/gems/3.0.0/gems/jekyll-4.2.1/lib/jekyll/liquid_renderer/file.rb:70:in `measure_time'
	from /opt/homebrew/lib/ruby/gems/3.0.0/gems/jekyll-4.2.1/lib/jekyll/liquid_renderer/file.rb:36:in `render!'
	from /opt/homebrew/lib/ruby/gems/3.0.0/gems/jekyll-4.2.1/lib/jekyll/renderer.rb:131:in `render_liquid'
	from /opt/homebrew/lib/ruby/gems/3.0.0/gems/jekyll-4.2.1/lib/jekyll/renderer.rb:80:in `render_document'
	from /opt/homebrew/lib/ruby/gems/3.0.0/gems/jekyll-4.2.1/lib/jekyll/renderer.rb:63:in `run'
	from /opt/homebrew/lib/ruby/gems/3.0.0/gems/jekyll-4.2.1/lib/jekyll/site.rb:547:in `render_regenerated'
	from /opt/homebrew/lib/ruby/gems/3.0.0/gems/jekyll-4.2.1/lib/jekyll/site.rb:539:in `block in render_pages'
	from /opt/homebrew/lib/ruby/gems/3.0.0/gems/jekyll-4.2.1/lib/jekyll/site.rb:538:in `each'
	from /opt/homebrew/lib/ruby/gems/3.0.0/gems/jekyll-4.2.1/lib/jekyll/site.rb:538:in `render_pages'
	from /opt/homebrew/lib/ruby/gems/3.0.0/gems/jekyll-4.2.1/lib/jekyll/site.rb:211:in `render'
	from /opt/homebrew/lib/ruby/gems/3.0.0/gems/jekyll-4.2.1/lib/jekyll/site.rb:80:in `process'
	from /opt/homebrew/lib/ruby/gems/3.0.0/gems/jekyll-4.2.1/lib/jekyll/command.rb:28:in `process_site'
	from /opt/homebrew/lib/ruby/gems/3.0.0/gems/jekyll-4.2.1/lib/jekyll/commands/build.rb:65:in `build'
	from /opt/homebrew/lib/ruby/gems/3.0.0/gems/jekyll-4.2.1/lib/jekyll/commands/build.rb:36:in `process'
	from /opt/homebrew/lib/ruby/gems/3.0.0/gems/jekyll-4.2.1/lib/jekyll/command.rb:91:in `block in process_with_graceful_fail'
	from /opt/homebrew/lib/ruby/gems/3.0.0/gems/jekyll-4.2.1/lib/jekyll/command.rb:91:in `each'
	from /opt/homebrew/lib/ruby/gems/3.0.0/gems/jekyll-4.2.1/lib/jekyll/command.rb:91:in `process_with_graceful_fail'
	from /opt/homebrew/lib/ruby/gems/3.0.0/gems/jekyll-4.2.1/lib/jekyll/commands/build.rb:18:in `block (2 levels) in init_with_program'
	from /opt/homebrew/lib/ruby/gems/3.0.0/gems/mercenary-0.4.0/lib/mercenary/command.rb:221:in `block in execute'
	from /opt/homebrew/lib/ruby/gems/3.0.0/gems/mercenary-0.4.0/lib/mercenary/command.rb:221:in `each'
	from /opt/homebrew/lib/ruby/gems/3.0.0/gems/mercenary-0.4.0/lib/mercenary/command.rb:221:in `execute'
	from /opt/homebrew/lib/ruby/gems/3.0.0/gems/mercenary-0.4.0/lib/mercenary/program.rb:44:in `go'
	from /opt/homebrew/lib/ruby/gems/3.0.0/gems/mercenary-0.4.0/lib/mercenary.rb:21:in `program'
	from /opt/homebrew/lib/ruby/gems/3.0.0/gems/jekyll-4.2.1/exe/jekyll:15:in `<top (required)>'
	from /opt/homebrew/lib/ruby/gems/3.0.0/bin/jekyll:23:in `load'
	from /opt/homebrew/lib/ruby/gems/3.0.0/bin/jekyll:23:in `<top (required)>'
	from /opt/homebrew/Cellar/ruby@3.0/3.0.5/lib/ruby/3.0.0/bundler/cli/exec.rb:58:in `load'
	from /opt/homebrew/Cellar/ruby@3.0/3.0.5/lib/ruby/3.0.0/bundler/cli/exec.rb:58:in `kernel_load'
	from /opt/homebrew/Cellar/ruby@3.0/3.0.5/lib/ruby/3.0.0/bundler/cli/exec.rb:23:in `run'
	from /opt/homebrew/Cellar/ruby@3.0/3.0.5/lib/ruby/3.0.0/bundler/cli.rb:486:in `exec'
	from /opt/homebrew/Cellar/ruby@3.0/3.0.5/lib/ruby/3.0.0/bundler/vendor/thor/lib/thor/command.rb:27:in `run'
	from /opt/homebrew/Cellar/ruby@3.0/3.0.5/lib/ruby/3.0.0/bundler/vendor/thor/lib/thor/invocation.rb:127:in `invoke_command'
	from /opt/homebrew/Cellar/ruby@3.0/3.0.5/lib/ruby/3.0.0/bundler/vendor/thor/lib/thor.rb:392:in `dispatch'
	from /opt/homebrew/Cellar/ruby@3.0/3.0.5/lib/ruby/3.0.0/bundler/cli.rb:31:in `dispatch'
	from /opt/homebrew/Cellar/ruby@3.0/3.0.5/lib/ruby/3.0.0/bundler/vendor/thor/lib/thor/base.rb:485:in `start'
	from /opt/homebrew/Cellar/ruby@3.0/3.0.5/lib/ruby/3.0.0/bundler/cli.rb:25:in `start'
	from /opt/homebrew/Cellar/ruby@3.0/3.0.5/lib/ruby/gems/3.0.0/gems/bundler-2.3.26/exe/bundle:48:in `block in <top (required)>'
	from /opt/homebrew/Cellar/ruby@3.0/3.0.5/lib/ruby/3.0.0/bundler/friendly_errors.rb:120:in `with_friendly_errors'
	from /opt/homebrew/Cellar/ruby@3.0/3.0.5/lib/ruby/gems/3.0.0/gems/bundler-2.3.26/exe/bundle:36:in `<top (required)>'
	from /Users/suestring/.gem/ruby/3.0.0/bin/bundle:23:in `load'
	from /Users/suestring/.gem/ruby/3.0.0/bin/bundle:23:in `<main>'
